13:32:35 [INFO] patching driver executable /home/yousef/.local/share/undetected_chromedriver/undetected_chromedriver
13:32:54 [INFO] [CHECKPOINT] 1 results, 0 failed
13:33:13 [INFO] [CHECKPOINT] 2 results, 0 failed
13:33:31 [INFO] [CHECKPOINT] 3 results, 0 failed
13:33:47 [INFO] [CHECKPOINT] 4 results, 0 failed
13:34:01 [INFO] [CHECKPOINT] 5 results, 0 failed
13:34:16 [INFO] [CHECKPOINT] 6 results, 0 failed
13:34:31 [INFO] [CHECKPOINT] 7 results, 0 failed
13:34:46 [INFO] [CHECKPOINT] 8 results, 0 failed
13:35:01 [INFO] [CHECKPOINT] 9 results, 0 failed
13:35:15 [INFO] [10/684] ✓ imaqtpie (success: 10)
13:35:15 [INFO] [CHECKPOINT] 10 results, 0 failed
13:35:32 [INFO] [CHECKPOINT] 11 results, 0 failed
13:35:47 [INFO] [CHECKPOINT] 12 results, 0 failed
13:36:03 [INFO] [CHECKPOINT] 13 results, 0 failed
13:36:20 [INFO] [CHECKPOINT] 14 results, 0 failed
13:36:33 [INFO] [CHECKPOINT] 15 results, 0 failed
13:36:48 [INFO] [CHECKPOINT] 16 results, 0 failed
13:37:07 [INFO] [CHECKPOINT] 17 results, 0 failed
13:37:25 [INFO] [CHECKPOINT] 18 results, 0 failed
13:37:41 [INFO] [CHECKPOINT] 19 results, 0 failed
13:38:00 [INFO] [20/684] ✓ admiralbulldog (success: 20)
13:38:00 [INFO] [CHECKPOINT] 20 results, 0 failed
13:38:14 [INFO] [CHECKPOINT] 21 results, 0 failed
13:38:32 [INFO] [CHECKPOINT] 22 results, 0 failed
13:38:51 [INFO] [CHECKPOINT] 23 results, 0 failed
13:39:06 [INFO] [CHECKPOINT] 24 results, 0 failed
13:39:19 [INFO] [CHECKPOINT] 25 results, 0 failed
13:39:33 [INFO] [CHECKPOINT] 26 results, 0 failed
13:39:51 [INFO] [CHECKPOINT] 27 results, 0 failed
13:40:08 [INFO] [CHECKPOINT] 28 results, 0 failed
13:40:26 [INFO] [CHECKPOINT] 29 results, 0 failed
13:40:40 [INFO] [30/684] ✓ riotgamesbrazil (success: 30)
13:40:40 [INFO] [CHECKPOINT] 30 results, 0 failed
13:40:57 [INFO] [CHECKPOINT] 31 results, 0 failed
13:41:13 [INFO] [CHECKPOINT] 32 results, 0 failed
13:41:30 [INFO] [CHECKPOINT] 33 results, 0 failed
13:41:50 [INFO] [CHECKPOINT] 34 results, 0 failed
13:42:08 [INFO] [CHECKPOINT] 35 results, 0 failed
13:42:22 [INFO] [CHECKPOINT] 36 results, 0 failed
13:42:37 [INFO] [CHECKPOINT] 37 results, 0 failed
13:42:52 [INFO] [CHECKPOINT] 38 results, 0 failed
13:43:10 [INFO] [CHECKPOINT] 39 results, 0 failed
13:43:24 [INFO] [40/684] ✓ noway4u_sir (success: 40)
13:43:24 [INFO] [CHECKPOINT] 40 results, 0 failed
13:43:39 [INFO] [CHECKPOINT] 41 results, 0 failed
13:43:57 [INFO] [CHECKPOINT] 42 results, 0 failed
13:44:13 [INFO] [CHECKPOINT] 43 results, 0 failed
13:44:28 [INFO] [CHECKPOINT] 44 results, 0 failed
13:44:42 [INFO] [CHECKPOINT] 45 results, 0 failed
13:44:56 [INFO] [CHECKPOINT] 46 results, 0 failed
13:45:12 [INFO] [CHECKPOINT] 47 results, 0 failed
13:45:27 [INFO] [CHECKPOINT] 48 results, 0 failed
13:45:40 [INFO] [CHECKPOINT] 49 results, 0 failed
13:45:54 [INFO] [50/684] ✓ garenatw (success: 50)
13:45:54 [INFO] [CHECKPOINT] 50 results, 0 failed
13:46:09 [INFO] [CHECKPOINT] 51 results, 0 failed
13:46:25 [INFO] [CHECKPOINT] 52 results, 0 failed
13:46:42 [INFO] [CHECKPOINT] 53 results, 0 failed
13:46:59 [INFO] [CHECKPOINT] 54 results, 0 failed
13:47:12 [INFO] [CHECKPOINT] 55 results, 0 failed
13:47:28 [INFO] [CHECKPOINT] 56 results, 0 failed
13:47:41 [INFO] [CHECKPOINT] 57 results, 0 failed
13:47:58 [INFO] [CHECKPOINT] 58 results, 0 failed
13:48:13 [INFO] [CHECKPOINT] 59 results, 0 failed
13:48:29 [INFO] [60/684] ✓ toyzttv (success: 60)
13:48:29 [INFO] [CHECKPOINT] 60 results, 0 failed
13:48:42 [INFO] [CHECKPOINT] 61 results, 0 failed
13:48:57 [INFO] [CHECKPOINT] 62 results, 0 failed
13:49:12 [INFO] [CHECKPOINT] 63 results, 0 failed
13:49:26 [INFO] [CHECKPOINT] 64 results, 0 failed
13:49:42 [INFO] [CHECKPOINT] 65 results, 0 failed
13:49:58 [INFO] [CHECKPOINT] 66 results, 0 failed
13:50:13 [INFO] [CHECKPOINT] 67 results, 0 failed
13:50:29 [INFO] [CHECKPOINT] 68 results, 0 failed
13:50:47 [INFO] [CHECKPOINT] 69 results, 0 failed
13:51:03 [INFO] [70/684] ✓ jtgtv (success: 70)
13:51:03 [INFO] [CHECKPOINT] 70 results, 0 failed
13:51:20 [INFO] [CHECKPOINT] 71 results, 0 failed
13:51:34 [INFO] [CHECKPOINT] 72 results, 0 failed
13:51:48 [INFO] [CHECKPOINT] 73 results, 0 failed
13:52:02 [INFO] [CHECKPOINT] 74 results, 0 failed

============================================================
TWITCHTRACKER WEB SCRAPER
============================================================
[LOADED] 684 streamers to scrape
[RESUME] 0 already completed, 684 remaining
[ESTIMATE] ~1.2 hours remaining

----------------------------------------
Starting scraper... Press Ctrl+C to stop safely
----------------------------------------

[INIT] Creating Chrome WebDriver (GUI mode for debugging)...
[INIT] Starting FULL scraping...
[INIT] WebDriver ready!

[DEBUG] Main page loaded for esl_csgo. Running JS...
[INFO] Navigating to games page for esl_csgo...
[DEBUG] Main page loaded for asmongold. Running JS...
[INFO] Navigating to games page for asmongold...
[DEBUG] Main page loaded for drdisrespect. Running JS...
[INFO] Navigating to games page for drdisrespect...
[DEBUG] Main page loaded for solaryfortnite. Running JS...
[INFO] Navigating to games page for solaryfortnite...
[DEBUG] Main page loaded for faker. Running JS...
[INFO] Navigating to games page for faker...
[DEBUG] Main page loaded for yassuo. Running JS...
[INFO] Navigating to games page for yassuo...
[DEBUG] Main page loaded for amouranth. Running JS...
[INFO] Navigating to games page for amouranth...
[DEBUG] Main page loaded for dota2ruhub. Running JS...
[INFO] Navigating to games page for dota2ruhub...
[DEBUG] Main page loaded for faceittv. Running JS...
[INFO] Navigating to games page for faceittv...
[DEBUG] Main page loaded for imaqtpie. Running JS...
[INFO] Navigating to games page for imaqtpie...
[DEBUG] Main page loaded for loeya. Running JS...
[INFO] Navigating to games page for loeya...
[DEBUG] Main page loaded for chocotaco. Running JS...
[INFO] Navigating to games page for chocotaco...
[DEBUG] Main page loaded for cohhcarnage. Running JS...
[INFO] Navigating to games page for cohhcarnage...
[DEBUG] Main page loaded for mdldisney. Running JS...
[INFO] Navigating to games page for mdldisney...
[DEBUG] Main page loaded for methodjosh. Running JS...
[INFO] Navigating to games page for methodjosh...
[DEBUG] Main page loaded for mithrain. Running JS...
[INFO] Navigating to games page for mithrain...
[DEBUG] Main page loaded for gaules. Running JS...
[INFO] Navigating to games page for gaules...
[DEBUG] Main page loaded for liljarvis. Running JS...
[INFO] Navigating to games page for liljarvis...
[DEBUG] Main page loaded for jovirone. Running JS...
[INFO] Navigating to games page for jovirone...
[DEBUG] Main page loaded for admiralbulldog. Running JS...
[INFO] Navigating to games page for admiralbulldog...
[DEBUG] Main page loaded for lol_ambition. Running JS...
[INFO] Navigating to games page for lol_ambition...
[DEBUG] Main page loaded for lestream. Running JS...
[INFO] Navigating to games page for lestream...
[DEBUG] Main page loaded for saddummy. Running JS...
[INFO] Navigating to games page for saddummy...
[DEBUG] Main page loaded for kendinemuzisyen. Running JS...
[INFO] Navigating to games page for kendinemuzisyen...
[DEBUG] Main page loaded for epicenter_en1. Running JS...
[INFO] Navigating to games page for epicenter_en1...
[DEBUG] Main page loaded for handongsuk. Running JS...
[INFO] Navigating to games page for handongsuk...
[DEBUG] Main page loaded for reckful. Running JS...
[INFO] Navigating to games page for reckful...
[DEBUG] Main page loaded for shiphtur. Running JS...
[INFO] Navigating to games page for shiphtur...
[DEBUG] Main page loaded for elwind. Running JS...
[INFO] Navigating to games page for elwind...
[DEBUG] Main page loaded for riotgamesbrazil. Running JS...
[INFO] Navigating to games page for riotgamesbrazil...
[DEBUG] Main page loaded for hanryang1125. Running JS...
[INFO] Navigating to games page for hanryang1125...
[DEBUG] Main page loaded for mandiocaa1. Running JS...
[INFO] Navigating to games page for mandiocaa1...
[DEBUG] Main page loaded for towelliee. Running JS...
[INFO] Navigating to games page for towelliee...
[DEBUG] Main page loaded for dansgaming. Running JS...
[INFO] Navigating to games page for dansgaming...
[DEBUG] Main page loaded for gratis150ml. Running JS...
[INFO] Navigating to games page for gratis150ml...
[DEBUG] Main page loaded for dota2ruhub2. Running JS...
[INFO] Navigating to games page for dota2ruhub2...
[DEBUG] Main page loaded for kabajiow. Running JS...
[INFO] Navigating to games page for kabajiow...
[DEBUG] Main page loaded for hashinshin. Running JS...
[INFO] Navigating to games page for hashinshin...
[DEBUG] Main page loaded for trainwreckstv. Running JS...
[INFO] Navigating to games page for trainwreckstv...
[DEBUG] Main page loaded for noway4u_sir. Running JS...
[INFO] Navigating to games page for noway4u_sir...
[DEBUG] Main page loaded for voyboy. Running JS...
[INFO] Navigating to games page for voyboy...
[DEBUG] Main page loaded for elraenn. Running JS...
[INFO] Navigating to games page for elraenn...
[DEBUG] Main page loaded for ogaminglol. Running JS...
[INFO] Navigating to games page for ogaminglol...
[DEBUG] Main page loaded for csruhub. Running JS...
[INFO] Navigating to games page for csruhub...
[DEBUG] Main page loaded for btscsgo. Running JS...
[INFO] Navigating to games page for btscsgo...
[DEBUG] Main page loaded for flanalistaa. Running JS...
[INFO] Navigating to games page for flanalistaa...
[DEBUG] Main page loaded for ybicanoooobov. Running JS...
[INFO] Navigating to games page for ybicanoooobov...
[DEBUG] Main page loaded for buddha. Running JS...
[INFO] Navigating to games page for buddha...
[DEBUG] Main page loaded for starladder5. Running JS...
[INFO] Navigating to games page for starladder5...
[DEBUG] Main page loaded for garenatw. Running JS...
[INFO] Navigating to games page for garenatw...
[DEBUG] Main page loaded for yapyap30. Running JS...
[INFO] Navigating to games page for yapyap30...
[DEBUG] Main page loaded for tru3ta1ent. Running JS...
[INFO] Navigating to games page for tru3ta1ent...
[DEBUG] Main page loaded for kimdoe. Running JS...
[INFO] Navigating to games page for kimdoe...
[DEBUG] Main page loaded for arthas. Running JS...
[INFO] Navigating to games page for arthas...
[DEBUG] Main page loaded for levo. Running JS...
[INFO] Navigating to games page for levo...
[DEBUG] Main page loaded for jenna. Running JS...
[INFO] Navigating to games page for jenna...
[DEBUG] Main page loaded for starladder1. Running JS...
[INFO] Navigating to games page for starladder1...
[DEBUG] Main page loaded for rammus53. Running JS...
[INFO] Navigating to games page for rammus53...
[DEBUG] Main page loaded for adztv. Running JS...
[INFO] Navigating to games page for adztv...
[DEBUG] Main page loaded for toyzttv. Running JS...
[INFO] Navigating to games page for toyzttv...
[DEBUG] Main page loaded for 2chamcham2. Running JS...
[INFO] Navigating to games page for 2chamcham2...
[DEBUG] Main page loaded for destiny. Running JS...
[INFO] Navigating to games page for destiny...
[DEBUG] Main page loaded for yumyumyu77. Running JS...
[INFO] Navigating to games page for yumyumyu77...
[DEBUG] Main page loaded for zilioner. Running JS...
[INFO] Navigating to games page for zilioner...
[DEBUG] Main page loaded for emongg. Running JS...
[INFO] Navigating to games page for emongg...
[DEBUG] Main page loaded for beyondthesummit. Running JS...
[INFO] Navigating to games page for beyondthesummit...
[DEBUG] Main page loaded for tobiasfate. Running JS...
[INFO] Navigating to games page for tobiasfate...
[DEBUG] Main page loaded for cocopopp671. Running JS...
[INFO] Navigating to games page for cocopopp671...
[DEBUG] Main page loaded for singsing. Running JS...
[INFO] Navigating to games page for singsing...
[DEBUG] Main page loaded for jtgtv. Running JS...
[INFO] Navigating to games page for jtgtv...
[DEBUG] Main page loaded for ogadotapit. Running JS...
[INFO] Navigating to games page for ogadotapit...
[DEBUG] Main page loaded for tipsoutbaby. Running JS...
[INFO] Navigating to games page for tipsoutbaby...
[DEBUG] Main page loaded for dellor. Running JS...
[INFO] Navigating to games page for dellor...
[DEBUG] Main page loaded for nmplol. Running JS...
[INFO] Navigating to games page for nmplol...
[DEBUG] Main page loaded for innocents. Running JS...
[INFO] Navigating to games page for innocents...13:52:19 [INFO] [CHECKPOINT] 75 results, 0 failed
13:52:33 [INFO] [CHECKPOINT] 76 results, 0 failed
13:52:49 [INFO] [CHECKPOINT] 77 results, 0 failed
13:53:04 [INFO] [CHECKPOINT] 78 results, 0 failed
13:53:19 [INFO] [CHECKPOINT] 79 results, 0 failed
13:53:35 [INFO] [80/684] ✓ ashlynn (success: 80)
13:53:35 [INFO] [CHECKPOINT] 80 results, 0 failed
13:53:48 [INFO] [CHECKPOINT] 81 results, 0 failed
13:54:06 [INFO] [CHECKPOINT] 82 results, 0 failed
13:54:22 [INFO] [CHECKPOINT] 83 results, 0 failed
13:54:45 [INFO] [CHECKPOINT] 84 results, 0 failed
13:55:01 [INFO] [CHECKPOINT] 85 results, 0 failed
13:55:14 [INFO] [CHECKPOINT] 86 results, 0 failed
13:55:29 [INFO] [CHECKPOINT] 87 results, 0 failed
13:55:43 [INFO] [CHECKPOINT] 88 results, 0 failed
13:55:58 [INFO] [CHECKPOINT] 89 results, 0 failed
13:56:15 [INFO] [90/684] ✓ elementlolz (success: 90)
13:56:15 [INFO] [CHECKPOINT] 90 results, 0 failed
13:56:32 [INFO] [CHECKPOINT] 91 results, 0 failed
13:56:48 [INFO] [CHECKPOINT] 92 results, 0 failed
13:57:06 [INFO] [CHECKPOINT] 93 results, 0 failed
13:57:20 [INFO] [CHECKPOINT] 94 results, 0 failed
13:57:37 [INFO] [CHECKPOINT] 95 results, 0 failed
13:57:51 [INFO] [CHECKPOINT] 96 results, 0 failed
13:58:06 [INFO] [CHECKPOINT] 97 results, 0 failed
13:58:20 [INFO] [CHECKPOINT] 98 results, 0 failed
13:58:39 [INFO] [CHECKPOINT] 99 results, 0 failed
13:58:56 [INFO] [100/684] ✓ immortoru (success: 100)
13:58:56 [INFO] [CHECKPOINT] 100 results, 0 failed
13:59:11 [INFO] [CHECKPOINT] 101 results, 0 failed
13:59:28 [INFO] [CHECKPOINT] 102 results, 0 failed
13:59:44 [INFO] [CHECKPOINT] 103 results, 0 failed
13:59:59 [INFO] [CHECKPOINT] 104 results, 0 failed
14:00:14 [INFO] [CHECKPOINT] 105 results, 0 failed
14:00:30 [INFO] [CHECKPOINT] 106 results, 0 failed
14:00:47 [INFO] [CHECKPOINT] 107 results, 0 failed
14:01:03 [INFO] [CHECKPOINT] 108 results, 0 failed
14:01:17 [INFO] [CHECKPOINT] 109 results, 0 failed
14:01:32 [INFO] [110/684] ✓ p4wnyhof (success: 110)
14:01:32 [INFO] [CHECKPOINT] 110 results, 0 failed
14:01:48 [INFO] [CHECKPOINT] 111 results, 0 failed
14:02:02 [INFO] [CHECKPOINT] 112 results, 0 failed
14:02:17 [INFO] [CHECKPOINT] 113 results, 0 failed
14:02:34 [INFO] [CHECKPOINT] 114 results, 0 failed
14:02:49 [INFO] [CHECKPOINT] 115 results, 0 failed
14:03:04 [INFO] [CHECKPOINT] 116 results, 0 failed
14:03:20 [INFO] [CHECKPOINT] 117 results, 0 failed
14:03:37 [INFO] [CHECKPOINT] 118 results, 0 failed
14:03:52 [INFO] [CHECKPOINT] 119 results, 0 failed
14:04:10 [INFO] [120/684] ✓ pintipanda (success: 120)
14:04:10 [INFO] [CHECKPOINT] 120 results, 0 failed
14:04:26 [INFO] [CHECKPOINT] 121 results, 0 failed
14:04:42 [INFO] [CHECKPOINT] 122 results, 0 failed
14:04:58 [INFO] [CHECKPOINT] 123 results, 0 failed
14:05:15 [INFO] [CHECKPOINT] 124 results, 0 failed
14:05:32 [INFO] [CHECKPOINT] 125 results, 0 failed
14:05:48 [INFO] [CHECKPOINT] 126 results, 0 failed
14:06:03 [INFO] [CHECKPOINT] 127 results, 0 failed
14:06:19 [INFO] [CHECKPOINT] 128 results, 0 failed
14:06:34 [INFO] [CHECKPOINT] 129 results, 0 failed
14:06:49 [INFO] [130/684] ✓ epicenter_en (success: 130)
14:06:49 [INFO] [CHECKPOINT] 130 results, 0 failed
14:07:02 [INFO] [CHECKPOINT] 131 results, 0 failed
14:07:15 [INFO] [CHECKPOINT] 132 results, 0 failed
14:07:29 [INFO] [CHECKPOINT] 133 results, 0 failed
14:07:44 [INFO] [CHECKPOINT] 134 results, 0 failed
14:07:59 [INFO] [CHECKPOINT] 135 results, 0 failed
14:08:15 [INFO] [CHECKPOINT] 136 results, 0 failed
14:08:31 [INFO] [CHECKPOINT] 137 results, 0 failed
14:08:45 [INFO] [CHECKPOINT] 138 results, 0 failed
14:08:59 [INFO] [CHECKPOINT] 139 results, 0 failed
14:09:15 [INFO] [140/684] ✓ fps_shaka (success: 140)
14:09:15 [INFO] [CHECKPOINT] 140 results, 0 failed
14:09:33 [INFO] [CHECKPOINT] 141 results, 0 failed
14:09:46 [INFO] [CHECKPOINT] 142 results, 0 failed
14:10:01 [INFO] [CHECKPOINT] 143 results, 0 failed
14:10:18 [INFO] [CHECKPOINT] 144 results, 0 failed
14:10:33 [INFO] [CHECKPOINT] 145 results, 0 failed
14:10:51 [INFO] [CHECKPOINT] 146 results, 0 failed
14:11:05 [INFO] [CHECKPOINT] 147 results, 0 failed
14:11:21 [INFO] [CHECKPOINT] 148 results, 0 failed
14:11:38 [INFO] [CHECKPOINT] 149 results, 0 failed
14:11:54 [INFO] [150/684] ✓ rudbeckia7 (success: 150)
14:11:54 [INFO] [CHECKPOINT] 150 results, 0 failed
14:12:12 [INFO] [CHECKPOINT] 151 results, 0 failed
14:12:27 [INFO] [CHECKPOINT] 152 results, 0 failed
14:12:40 [INFO] [CHECKPOINT] 153 results, 0 failed

[DEBUG] Main page loaded for starcraft. Running JS...
[INFO] Navigating to games page for starcraft...
[DEBUG] Main page loaded for gladiatorpwnz. Running JS...
[INFO] Navigating to games page for gladiatorpwnz...
[DEBUG] Main page loaded for fl0m. Running JS...
[INFO] Navigating to games page for fl0m...
[DEBUG] Main page loaded for looksam. Running JS...
[INFO] Navigating to games page for looksam...
[DEBUG] Main page loaded for ashlynn. Running JS...
[INFO] Navigating to games page for ashlynn...
[DEBUG] Main page loaded for fearitself. Running JS...
[INFO] Navigating to games page for fearitself...
[DEBUG] Main page loaded for sovietwomble. Running JS...
[INFO] Navigating to games page for sovietwomble...
[DEBUG] Main page loaded for easportsfifa. Running JS...
[INFO] Navigating to games page for easportsfifa...
[DEBUG] Main page loaded for yogscast. Running JS...
[INFO] Navigating to games page for yogscast...
[DEBUG] Main page loaded for fpsthailand. Running JS...
[INFO] Navigating to games page for fpsthailand...
[DEBUG] Main page loaded for rhdgurwns. Running JS...
[INFO] Navigating to games page for rhdgurwns...
[DEBUG] Main page loaded for nick28t. Running JS...
[INFO] Navigating to games page for nick28t...
[DEBUG] Main page loaded for a541021. Running JS...
[INFO] Navigating to games page for a541021...
[DEBUG] Main page loaded for mister903. Running JS...
[INFO] Navigating to games page for mister903...
[DEBUG] Main page loaded for elementlolz. Running JS...
[INFO] Navigating to games page for elementlolz...
[DEBUG] Main page loaded for solorenektononly. Running JS...
[INFO] Navigating to games page for solorenektononly...
[DEBUG] Main page loaded for ddahyoni. Running JS...
[INFO] Navigating to games page for ddahyoni...
[DEBUG] Main page loaded for teeqzy_. Running JS...
[INFO] Navigating to games page for teeqzy_...
[DEBUG] Main page loaded for overwatchcontenders. Running JS...
[INFO] Navigating to games page for overwatchcontenders...
[DEBUG] Main page loaded for distortion2. Running JS...
[INFO] Navigating to games page for distortion2...
[DEBUG] Main page loaded for razzzero0o. Running JS...
[INFO] Navigating to games page for razzzero0o...
[DEBUG] Main page loaded for obm1025. Running JS...
[INFO] Navigating to games page for obm1025...
[DEBUG] Main page loaded for musclebrahtv. Running JS...
[INFO] Navigating to games page for musclebrahtv...
[DEBUG] Main page loaded for boyminoru. Running JS...
[INFO] Navigating to games page for boyminoru...
[DEBUG] Main page loaded for immortoru. Running JS...
[INFO] Navigating to games page for immortoru...
[DEBUG] Main page loaded for zero. Running JS...
[INFO] Navigating to games page for zero...
[DEBUG] Main page loaded for mathil1. Running JS...
[INFO] Navigating to games page for mathil1...
[DEBUG] Main page loaded for welovegames. Running JS...
[INFO] Navigating to games page for welovegames...
[DEBUG] Main page loaded for zizaran. Running JS...
[INFO] Navigating to games page for zizaran...
[DEBUG] Main page loaded for woowakgood. Running JS...
[INFO] Navigating to games page for woowakgood...
[DEBUG] Main page loaded for llstylish. Running JS...
[INFO] Navigating to games page for llstylish...
[DEBUG] Main page loaded for jammi95. Running JS...
[INFO] Navigating to games page for jammi95...
[DEBUG] Main page loaded for epicenter_en2. Running JS...
[INFO] Navigating to games page for epicenter_en2...
[DEBUG] Main page loaded for 10000days. Running JS...
[INFO] Navigating to games page for 10000days...
[DEBUG] Main page loaded for p4wnyhof. Running JS...
[INFO] Navigating to games page for p4wnyhof...
[DEBUG] Main page loaded for holyphoenix. Running JS...
[INFO] Navigating to games page for holyphoenix...
[DEBUG] Main page loaded for clintstevens. Running JS...
[INFO] Navigating to games page for clintstevens...
[DEBUG] Main page loaded for manyrin. Running JS...
[INFO] Navigating to games page for manyrin...
[DEBUG] Main page loaded for ixxyjyxxi. Running JS...
[INFO] Navigating to games page for ixxyjyxxi...
[DEBUG] Main page loaded for dota2ruhub3. Running JS...
[INFO] Navigating to games page for dota2ruhub3...
[DEBUG] Main page loaded for cigarettestv. Running JS...
[INFO] Navigating to games page for cigarettestv...
[DEBUG] Main page loaded for lol_madlife. Running JS...
[INFO] Navigating to games page for lol_madlife...
[DEBUG] Main page loaded for fextralife. Running JS...
[INFO] Navigating to games page for fextralife...
[DEBUG] Main page loaded for pink_sparkles. Running JS...
[INFO] Navigating to games page for pink_sparkles...
[DEBUG] Main page loaded for pintipanda. Running JS...
[INFO] Navigating to games page for pintipanda...
[DEBUG] Main page loaded for zedxsmurf. Running JS...
[INFO] Navigating to games page for zedxsmurf...
[DEBUG] Main page loaded for daltoosh. Running JS...
[INFO] Navigating to games page for daltoosh...
[DEBUG] Main page loaded for xayoo_. Running JS...
[INFO] Navigating to games page for xayoo_...
[DEBUG] Main page loaded for streamerhouse. Running JS...
[INFO] Navigating to games page for streamerhouse...
[DEBUG] Main page loaded for datmodz. Running JS...
[INFO] Navigating to games page for datmodz...
[DEBUG] Main page loaded for moman. Running JS...
[INFO] Navigating to games page for moman...
[DEBUG] Main page loaded for nairomk. Running JS...
[INFO] Navigating to games page for nairomk...
[DEBUG] Main page loaded for wasuezqelusia. Running JS...
[INFO] Navigating to games page for wasuezqelusia...
[DEBUG] Main page loaded for summonersinnlive. Running JS...
[INFO] Navigating to games page for summonersinnlive...
[DEBUG] Main page loaded for epicenter_en. Running JS...
[INFO] Navigating to games page for epicenter_en...
[DEBUG] Main page loaded for zeusidiouss. Running JS...
[INFO] Navigating to games page for zeusidiouss...
[DEBUG] Main page loaded for jordanfisher. Running JS...
[INFO] Navigating to games page for jordanfisher...
[DEBUG] Main page loaded for dreamhackcs2. Running JS...
[INFO] Navigating to games page for dreamhackcs2...
[DEBUG] Main page loaded for netherrealm. Running JS...
[INFO] Navigating to games page for netherrealm...
[DEBUG] Main page loaded for chaseshaco. Running JS...
[INFO] Navigating to games page for chaseshaco...
[DEBUG] Main page loaded for stylishnoob4. Running JS...
[INFO] Navigating to games page for stylishnoob4...
[DEBUG] Main page loaded for dogswellfish. Running JS...
[INFO] Navigating to games page for dogswellfish...
[DEBUG] Main page loaded for pel_esports. Running JS...
[INFO] Navigating to games page for pel_esports...
[DEBUG] Main page loaded for beyou0728. Running JS...
[INFO] Navigating to games page for beyou0728...
[DEBUG] Main page loaded for fps_shaka. Running JS...
[INFO] Navigating to games page for fps_shaka...
[DEBUG] Main page loaded for sonycast_. Running JS...
[INFO] Navigating to games page for sonycast_...
[DEBUG] Main page loaded for evelone192. Running JS...
[INFO] Navigating to games page for evelone192...
[DEBUG] Main page loaded for nanajam777. Running JS...
[INFO] Navigating to games page for nanajam777...
[DEBUG] Main page loaded for break. Running JS...
[INFO] Navigating to games page for break...
[DEBUG] Main page loaded for gafallen. Running JS...
[INFO] Navigating to games page for gafallen...
[DEBUG] Main page loaded for officialandypyro. Running JS...
[INFO] Navigating to games page for officialandypyro...
[DEBUG] Main page loaded for stansfield. Running JS...
[INFO] Navigating to games page for stansfield...
[DEBUG] Main page loaded for ajehr. Running JS...
[INFO] Navigating to games page for ajehr...
[DEBUG] Main page loaded for xkwhd. Running JS...
[INFO] Navigating to games page for xkwhd...
[DEBUG] Main page loaded for rudbeckia7. Running JS...
[INFO] Navigating to games page for rudbeckia7...
[DEBUG] Main page loaded for gamepedia. Running JS...
[INFO] Navigating to games page for gamepedia...
[DEBUG] Main page loaded for gsl. Running JS...
[INFO] Navigating to games page for gsl...
[DEBUG] Main page loaded for roshtein. Running JS...
[INFO] Navigating to games page for roshtein...
[DEBUG] Main page loaded for agraelus. Running JS...
[INFO] Navigating to games page for agraelus...14:12:59 [INFO] [CHECKPOINT] 154 results, 0 failed
14:13:13 [INFO] [CHECKPOINT] 155 results, 0 failed
14:13:30 [INFO] [CHECKPOINT] 156 results, 0 failed
14:13:44 [INFO] [CHECKPOINT] 157 results, 0 failed
14:14:00 [INFO] [CHECKPOINT] 158 results, 0 failed
14:14:17 [INFO] [CHECKPOINT] 159 results, 0 failed
14:14:33 [INFO] [160/684] ✓ legendarylea (success: 160)
14:14:33 [INFO] [CHECKPOINT] 160 results, 0 failed
14:14:47 [INFO] [CHECKPOINT] 161 results, 0 failed
14:15:07 [INFO] [CHECKPOINT] 162 results, 0 failed
14:15:23 [INFO] [CHECKPOINT] 163 results, 0 failed
14:15:37 [INFO] [CHECKPOINT] 164 results, 0 failed
14:15:54 [INFO] [CHECKPOINT] 165 results, 0 failed
14:16:09 [INFO] [CHECKPOINT] 166 results, 0 failed
14:16:25 [INFO] [CHECKPOINT] 167 results, 0 failed
14:16:40 [INFO] [CHECKPOINT] 168 results, 0 failed
14:16:58 [INFO] [CHECKPOINT] 169 results, 0 failed
14:17:13 [INFO] [170/684] ✓ ch1ckenkun (success: 170)
14:17:13 [INFO] [CHECKPOINT] 170 results, 0 failed
14:17:27 [INFO] [CHECKPOINT] 171 results, 0 failed
14:17:43 [INFO] [CHECKPOINT] 172 results, 0 failed
14:18:01 [INFO] [CHECKPOINT] 173 results, 0 failed
14:18:13 [INFO] [CHECKPOINT] 174 results, 0 failed
14:18:31 [INFO] [CHECKPOINT] 175 results, 0 failed
14:18:46 [INFO] [CHECKPOINT] 176 results, 0 failed
14:19:02 [INFO] [CHECKPOINT] 177 results, 0 failed
14:19:21 [INFO] [CHECKPOINT] 178 results, 0 failed
14:19:37 [INFO] [CHECKPOINT] 179 results, 0 failed
14:19:53 [INFO] [180/684] ✓ hwkang2 (success: 180)
14:19:53 [INFO] [CHECKPOINT] 180 results, 0 failed
14:20:07 [INFO] [CHECKPOINT] 181 results, 0 failed
14:20:24 [INFO] [CHECKPOINT] 182 results, 0 failed
14:20:36 [INFO] [CHECKPOINT] 183 results, 0 failed
14:20:53 [INFO] [CHECKPOINT] 184 results, 0 failed
14:21:08 [INFO] [CHECKPOINT] 185 results, 0 failed
14:21:24 [INFO] [CHECKPOINT] 186 results, 0 failed
14:21:39 [INFO] [CHECKPOINT] 187 results, 0 failed
14:21:53 [INFO] [CHECKPOINT] 188 results, 0 failed
14:22:08 [INFO] [CHECKPOINT] 189 results, 0 failed
14:22:24 [INFO] [190/684] ✓ lospollostv (success: 190)
14:22:24 [INFO] [CHECKPOINT] 190 results, 0 failed
14:22:39 [INFO] [CHECKPOINT] 191 results, 0 failed
14:22:55 [INFO] [CHECKPOINT] 192 results, 0 failed
14:23:09 [INFO] [CHECKPOINT] 193 results, 0 failed
14:23:25 [INFO] [CHECKPOINT] 194 results, 0 failed
14:23:41 [INFO] [CHECKPOINT] 195 results, 0 failed
